<?xml version="1.0" encoding="UTF-8"?>
<!-- Generated by org.testng.reporters.JUnitXMLReporter -->
<testsuite hostname="DESKTOP-2OEH57S" ignored="0" name="Default test" tests="9" failures="0" timestamp="2022-08-20T15:54:49 IST" time="0.142" errors="0">
  <testcase name="It1" time="0.014" classname="Testnggroup.flag6"/>
  <testcase name="It2" time="0.002" classname="Testnggroup.flag6"/>
  <testcase name="It3" time="0.008" classname="Testnggroup.flag6"/>
  <testcase name="St1" time="0.003" classname="Testnggroup.flag6"/>
  <testcase name="St2" time="0.004" classname="Testnggroup.flag6"/>
  <testcase name="St3" time="0.002" classname="Testnggroup.flag6"/>
  <testcase name="ft1" time="0.002" classname="Testnggroup.flag6"/>
  <testcase name="ft2" time="0.003" classname="Testnggroup.flag6"/>
  <testcase name="ft3" time="0.002" classname="Testnggroup.flag6"/>
</testsuite> <!-- Default test -->
